models/dict/cmu07a.dic
models/dict/nep_asr_2.dic
models/grammar/digits.gram
models/grammar/menu.gram
models/grammar/nep_asr_2.gram
models/hmm/en-us-semi/README
models/hmm/en-us-semi/feat.params
models/hmm/en-us-semi/mdef
models/hmm/en-us-semi/means
models/hmm/en-us-semi/noisedict
models/hmm/en-us-semi/sendump
models/hmm/en-us-semi/transition_matrices
models/hmm/en-us-semi/variances
models/hmm/nep_asr_2/feat.params
models/hmm/nep_asr_2/mdef
models/hmm/nep_asr_2/mdef.txt
models/hmm/nep_asr_2/means
models/hmm/nep_asr_2/mixture_weights
models/hmm/nep_asr_2/noisedict
models/hmm/nep_asr_2/sendump
models/hmm/nep_asr_2/transition_matrices
models/hmm/nep_asr_2/variances
models/lm/nep_asr_2.dmp
models/lm/weather.dmp